Mock Version: 1.3.4
Mock Version: 1.3.4
ENTER ['do'](['bash', '--login', '-c', '/usr/bin/rpmbuild -bs --target i686 --nodeps /builddir/build/SPECS/libibmad.spec'], chrootPath='/var/lib/mock/f28-build-9689749-780300/root'printOutput=Falsenspawn_args=[]logger=<mockbuild.trace_decorator.getLog object at 0x7f005ff48748>uid=1000timeout=172800user='mockbuild'gid=425env={'HOME': '/builddir', 'LANG': 'en_US.UTF-8', 'TERM': 'vt100', 'HOSTNAME': 'mock', 'PATH': '/usr/bin:/bin:/usr/sbin:/sbin', 'PROMPT_COMMAND': 'printf "\\033]0;<mock-chroot>\\007"', 'SHELL': '/bin/bash', 'PS1': '<mock-chroot> \\s-\\v\\$ '}shell=False)
Executing command: ['bash', '--login', '-c', '/usr/bin/rpmbuild -bs --target i686 --nodeps /builddir/build/SPECS/libibmad.spec'] with env {'HOME': '/builddir', 'LANG': 'en_US.UTF-8', 'TERM': 'vt100', 'HOSTNAME': 'mock', 'PATH': '/usr/bin:/bin:/usr/sbin:/sbin', 'PROMPT_COMMAND': 'printf "\\033]0;<mock-chroot>\\007"', 'SHELL': '/bin/bash', 'PS1': '<mock-chroot> \\s-\\v\\$ '} and shell False
Building target platforms: i686
Building for target i686
Wrote: /builddir/build/SRPMS/libibmad-1.3.13-6.fc28.src.rpm
Child return code was: 0
ENTER ['do'](['bash', '--login', '-c', '/usr/bin/rpmbuild -bb --target i686 --nodeps /builddir/build/SPECS/libibmad.spec'], chrootPath='/var/lib/mock/f28-build-9689749-780300/root'printOutput=Falsenspawn_args=[]logger=<mockbuild.trace_decorator.getLog object at 0x7f005ff48748>uid=1000timeout=172800user='mockbuild'gid=425env={'HOME': '/builddir', 'LANG': 'en_US.UTF-8', 'TERM': 'vt100', 'HOSTNAME': 'mock', 'PATH': '/usr/bin:/bin:/usr/sbin:/sbin', 'PROMPT_COMMAND': 'printf "\\033]0;<mock-chroot>\\007"', 'SHELL': '/bin/bash', 'PS1': '<mock-chroot> \\s-\\v\\$ '}shell=False)
Executing command: ['bash', '--login', '-c', '/usr/bin/rpmbuild -bb --target i686 --nodeps /builddir/build/SPECS/libibmad.spec'] with env {'HOME': '/builddir', 'LANG': 'en_US.UTF-8', 'TERM': 'vt100', 'HOSTNAME': 'mock', 'PATH': '/usr/bin:/bin:/usr/sbin:/sbin', 'PROMPT_COMMAND': 'printf "\\033]0;<mock-chroot>\\007"', 'SHELL': '/bin/bash', 'PS1': '<mock-chroot> \\s-\\v\\$ '} and shell False
Building target platforms: i686
Building for target i686
Executing(%prep): /bin/sh -e /var/tmp/rpm-tmp.PJLZPo
+ umask 022
+ cd /builddir/build/BUILD
+ cd /builddir/build/BUILD
+ rm -rf libibmad-1.3.13
+ /usr/bin/gzip -dc /builddir/build/SOURCES/libibmad-1.3.13.tar.gz
+ /usr/bin/tar -xof -
+ STATUS=0
+ '[' 0 -ne 0 ']'
+ cd libibmad-1.3.13
+ /usr/bin/chmod -Rf a+rX,u+w,g-w,o-w .
+ exit 0
Executing(%build): /bin/sh -e /var/tmp/rpm-tmp.7kTrpn
+ umask 022
+ cd /builddir/build/BUILD
+ cd libibmad-1.3.13
+ CFLAGS='-O2 -g -pipe -Wall -Werror=format-security -Wp,-D_FORTIFY_SOURCE=2 -fexceptions -fstack-protector-strong --param=ssp-buffer-size=4 -grecord-gcc-switches -specs=/usr/lib/rpm/redhat/redhat-hardened-cc1 -m32 -march=i686 -fasynchronous-unwind-tables'
+ export CFLAGS
+ CXXFLAGS='-O2 -g -pipe -Wall -Werror=format-security -Wp,-D_FORTIFY_SOURCE=2 -fexceptions -fstack-protector-strong --param=ssp-buffer-size=4 -grecord-gcc-switches -specs=/usr/lib/rpm/redhat/redhat-hardened-cc1 -m32 -march=i686 -fasynchronous-unwind-tables'
+ export CXXFLAGS
+ FFLAGS='-O2 -g -pipe -Wall -Werror=format-security -Wp,-D_FORTIFY_SOURCE=2 -fexceptions -fstack-protector-strong --param=ssp-buffer-size=4 -grecord-gcc-switches -specs=/usr/lib/rpm/redhat/redhat-hardened-cc1 -m32 -march=i686 -fasynchronous-unwind-tables -I/usr/lib/gfortran/modules'
+ export FFLAGS
+ FCFLAGS='-O2 -g -pipe -Wall -Werror=format-security -Wp,-D_FORTIFY_SOURCE=2 -fexceptions -fstack-protector-strong --param=ssp-buffer-size=4 -grecord-gcc-switches -specs=/usr/lib/rpm/redhat/redhat-hardened-cc1 -m32 -march=i686 -fasynchronous-unwind-tables -I/usr/lib/gfortran/modules'
+ export FCFLAGS
+ LDFLAGS='-Wl,-z,relro -specs=/usr/lib/rpm/redhat/redhat-hardened-ld'
+ export LDFLAGS
+ '[' 1 = 1 ']'
+++ dirname ./configure
++ find . -name config.guess -o -name config.sub
+ for i in $(find $(dirname ./configure) -name config.guess -o -name config.sub)
++ basename ./config/config.sub
+ '[' -f /usr/lib/rpm/redhat/config.sub ']'
+ /usr/bin/rm -f ./config/config.sub
++ basename ./config/config.sub
+ /usr/bin/cp -fv /usr/lib/rpm/redhat/config.sub ./config/config.sub
'/usr/lib/rpm/redhat/config.sub' -> './config/config.sub'
+ for i in $(find $(dirname ./configure) -name config.guess -o -name config.sub)
++ basename ./config/config.guess
+ '[' -f /usr/lib/rpm/redhat/config.guess ']'
+ /usr/bin/rm -f ./config/config.guess
++ basename ./config/config.guess
+ /usr/bin/cp -fv /usr/lib/rpm/redhat/config.guess ./config/config.guess
'/usr/lib/rpm/redhat/config.guess' -> './config/config.guess'
+ '[' 1 = 1 ']'
+ '[' x '!=' x-specs=/usr/lib/rpm/redhat/redhat-hardened-ld ']'
++ find . -name ltmain.sh
+ for i in $(find . -name ltmain.sh)
+ /usr/bin/sed -i.backup -e 's~compiler_flags=$~compiler_flags="-specs=/usr/lib/rpm/redhat/redhat-hardened-ld"~' ./config/ltmain.sh
+ ./configure --build=i686-redhat-linux-gnu --host=i686-redhat-linux-gnu --program-prefix= --disable-dependency-tracking --prefix=/usr --exec-prefix=/usr --bindir=/usr/bin --sbindir=/usr/sbin --sysconfdir=/etc --datadir=/usr/share --includedir=/usr/include --libdir=/usr/lib --libexecdir=/usr/libexec --localstatedir=/var --sharedstatedir=/var/lib --mandir=/usr/share/man --infodir=/usr/share/info
checking for a BSD-compatible install... /usr/bin/install -c
checking whether build environment is sane... yes
checking for a thread-safe mkdir -p... /usr/bin/mkdir -p
checking for gawk... gawk
checking whether make sets $(MAKE)... yes
checking whether make supports nested variables... yes
checking build system type... i686-redhat-linux-gnu
checking host system type... i686-redhat-linux-gnu
checking how to print strings... printf
checking for style of include used by make... GNU
checking for i686-redhat-linux-gnu-gcc... no
checking for gcc... gcc
checking whether the C compiler works... yes
checking for C compiler default output file name... a.out
checking for suffix of executables... 
checking whether we are cross compiling... no
checking for suffix of object files... o
checking whether we are using the GNU C compiler... yes
checking whether gcc accepts -g... yes
checking for gcc option to accept ISO C89... none needed
checking dependency style of gcc... none
checking for a sed that does not truncate output... /usr/bin/sed
checking for grep that handles long lines and -e... /usr/bin/grep
checking for egrep... /usr/bin/grep -E
checking for fgrep... /usr/bin/grep -F
checking for ld used by gcc... /usr/bin/ld
checking if the linker (/usr/bin/ld) is GNU ld... yes
checking for BSD- or MS-compatible name lister (nm)... /usr/bin/nm -B
checking the name lister (/usr/bin/nm -B) interface... BSD nm
checking whether ln -s works... yes
checking the maximum length of command line arguments... 1572864
checking whether the shell understands some XSI constructs... yes
checking whether the shell understands "+="... yes
checking how to convert i686-redhat-linux-gnu file names to i686-redhat-linux-gnu format... func_convert_file_noop
checking how to convert i686-redhat-linux-gnu file names to toolchain format... func_convert_file_noop
checking for /usr/bin/ld option to reload object files... -r
checking for i686-redhat-linux-gnu-objdump... no
checking for objdump... objdump
checking how to recognize dependent libraries... pass_all
checking for i686-redhat-linux-gnu-dlltool... no
checking for dlltool... no
checking how to associate runtime and link libraries... printf %s\n
checking for i686-redhat-linux-gnu-ar... no
checking for ar... ar
checking for archiver @FILE support... @
checking for i686-redhat-linux-gnu-strip... no
checking for strip... strip
checking for i686-redhat-linux-gnu-ranlib... no
checking for ranlib... ranlib
checking command to parse /usr/bin/nm -B output from gcc object... ok
checking for sysroot... no
checking for i686-redhat-linux-gnu-mt... no
checking for mt... no
checking if : is a manifest tool... no
checking how to run the C preprocessor... gcc -E
checking for ANSI C header files... yes
checking for sys/types.h... yes
checking for sys/stat.h... yes
checking for stdlib.h... yes
checking for string.h... yes
checking for memory.h... yes
checking for strings.h... yes
checking for inttypes.h... yes
checking for stdint.h... yes
checking for unistd.h... yes
checking for dlfcn.h... yes
checking for objdir... .libs
checking if gcc supports -fno-rtti -fno-exceptions... no
checking for gcc option to produce PIC... -fPIC -DPIC
checking if gcc PIC flag -fPIC -DPIC works... yes
checking if gcc static flag -static works... yes
checking if gcc supports -c -o file.o... yes
checking if gcc supports -c -o file.o... (cached) yes
checking whether the gcc linker (/usr/bin/ld) supports shared libraries... yes
checking whether -lc should be explicitly linked in... no
checking dynamic linker characteristics... GNU/Linux ld.so
checking how to hardcode library paths into programs... immediate
checking whether stripping libraries is possible... yes
checking if libtool supports shared libraries... yes
checking whether to build shared libraries... yes
checking whether to build static libraries... yes
checking for i686-redhat-linux-gnu-gcc... gcc
checking whether we are using the GNU C compiler... (cached) yes
checking whether gcc accepts -g... (cached) yes
checking for gcc option to accept ISO C89... (cached) none needed
checking dependency style of gcc... (cached) none
checking for umad_init in -libumad... yes
checking for ANSI C header files... (cached) yes
checking netinet/in.h usability... yes
checking netinet/in.h presence... yes
checking for netinet/in.h... yes
checking for stdlib.h... (cached) yes
checking for string.h... (cached) yes
checking sys/time.h usability... yes
checking sys/time.h presence... yes
checking for sys/time.h... yes
checking for unistd.h... (cached) yes
checking infiniband/umad.h usability... yes
checking infiniband/umad.h presence... yes
checking for infiniband/umad.h... yes
checking for memset... yes
checking for strrchr... yes
checking for strtol... yes
checking for an ANSI C-conforming const... yes
checking for inline... inline
checking whether ld accepts --version-script... yes
checking that generated files are newer than configure... done
configure: creating ./config.status
config.status: creating Makefile
config.status: creating libibmad.spec
config.status: creating config.h
config.status: executing depfiles commands
config.status: executing libtool commands
+ /usr/bin/make -O -j6
/usr/bin/make  all-recursive
Making all in .
make[2]: Entering directory '/builddir/build/BUILD/libibmad-1.3.13'
/bin/sh ./libtool  --tag=CC   --mode=compile gcc -DHAVE_CONFIG_H -I.  -I./include -I/usr/include  -Wall -O2 -g -pipe -Wall -Werror=format-security -Wp,-D_FORTIFY_SOURCE=2 -fexceptions -fstack-protector-strong --param=ssp-buffer-size=4 -grecord-gcc-switches -specs=/usr/lib/rpm/redhat/redhat-hardened-cc1 -m32 -march=i686 -fasynchronous-unwind-tables -c -o src/libibmad_la-portid.lo `test -f 'src/portid.c' || echo './'`src/portid.c
libtool: compile:  gcc -DHAVE_CONFIG_H -I. -I./include -I/usr/include -Wall -O2 -g -pipe -Wall -Werror=format-security -Wp,-D_FORTIFY_SOURCE=2 -fexceptions -fstack-protector-strong --param=ssp-buffer-size=4 -grecord-gcc-switches -specs=/usr/lib/rpm/redhat/redhat-hardened-cc1 -m32 -march=i686 -fasynchronous-unwind-tables -c src/portid.c  -fPIC -DPIC -o src/.libs/libibmad_la-portid.o
libtool: compile:  gcc -DHAVE_CONFIG_H -I. -I./include -I/usr/include -Wall -O2 -g -pipe -Wall -Werror=format-security -Wp,-D_FORTIFY_SOURCE=2 -fexceptions -fstack-protector-strong --param=ssp-buffer-size=4 -grecord-gcc-switches -specs=/usr/lib/rpm/redhat/redhat-hardened-cc1 -m32 -march=i686 -fasynchronous-unwind-tables -c src/portid.c -o src/libibmad_la-portid.o >/dev/null 2>&1
make[2]: Leaving directory '/builddir/build/BUILD/libibmad-1.3.13'
make[2]: Entering directory '/builddir/build/BUILD/libibmad-1.3.13'
/bin/sh ./libtool  --tag=CC   --mode=compile gcc -DHAVE_CONFIG_H -I.  -I./include -I/usr/include  -Wall -O2 -g -pipe -Wall -Werror=format-security -Wp,-D_FORTIFY_SOURCE=2 -fexceptions -fstack-protector-strong --param=ssp-buffer-size=4 -grecord-gcc-switches -specs=/usr/lib/rpm/redhat/redhat-hardened-cc1 -m32 -march=i686 -fasynchronous-unwind-tables -c -o src/libibmad_la-mad.lo `test -f 'src/mad.c' || echo './'`src/mad.c
libtool: compile:  gcc -DHAVE_CONFIG_H -I. -I./include -I/usr/include -Wall -O2 -g -pipe -Wall -Werror=format-security -Wp,-D_FORTIFY_SOURCE=2 -fexceptions -fstack-protector-strong --param=ssp-buffer-size=4 -grecord-gcc-switches -specs=/usr/lib/rpm/redhat/redhat-hardened-cc1 -m32 -march=i686 -fasynchronous-unwind-tables -c src/mad.c  -fPIC -DPIC -o src/.libs/libibmad_la-mad.o
libtool: compile:  gcc -DHAVE_CONFIG_H -I. -I./include -I/usr/include -Wall -O2 -g -pipe -Wall -Werror=format-security -Wp,-D_FORTIFY_SOURCE=2 -fexceptions -fstack-protector-strong --param=ssp-buffer-size=4 -grecord-gcc-switches -specs=/usr/lib/rpm/redhat/redhat-hardened-cc1 -m32 -march=i686 -fasynchronous-unwind-tables -c src/mad.c -o src/libibmad_la-mad.o >/dev/null 2>&1
make[2]: Leaving directory '/builddir/build/BUILD/libibmad-1.3.13'
make[2]: Entering directory '/builddir/build/BUILD/libibmad-1.3.13'
/bin/sh ./libtool  --tag=CC   --mode=compile gcc -DHAVE_CONFIG_H -I.  -I./include -I/usr/include  -Wall -O2 -g -pipe -Wall -Werror=format-security -Wp,-D_FORTIFY_SOURCE=2 -fexceptions -fstack-protector-strong --param=ssp-buffer-size=4 -grecord-gcc-switches -specs=/usr/lib/rpm/redhat/redhat-hardened-cc1 -m32 -march=i686 -fasynchronous-unwind-tables -c -o src/libibmad_la-resolve.lo `test -f 'src/resolve.c' || echo './'`src/resolve.c
libtool: compile:  gcc -DHAVE_CONFIG_H -I. -I./include -I/usr/include -Wall -O2 -g -pipe -Wall -Werror=format-security -Wp,-D_FORTIFY_SOURCE=2 -fexceptions -fstack-protector-strong --param=ssp-buffer-size=4 -grecord-gcc-switches -specs=/usr/lib/rpm/redhat/redhat-hardened-cc1 -m32 -march=i686 -fasynchronous-unwind-tables -c src/resolve.c  -fPIC -DPIC -o src/.libs/libibmad_la-resolve.o
libtool: compile:  gcc -DHAVE_CONFIG_H -I. -I./include -I/usr/include -Wall -O2 -g -pipe -Wall -Werror=format-security -Wp,-D_FORTIFY_SOURCE=2 -fexceptions -fstack-protector-strong --param=ssp-buffer-size=4 -grecord-gcc-switches -specs=/usr/lib/rpm/redhat/redhat-hardened-cc1 -m32 -march=i686 -fasynchronous-unwind-tables -c src/resolve.c -o src/libibmad_la-resolve.o >/dev/null 2>&1
make[2]: Leaving directory '/builddir/build/BUILD/libibmad-1.3.13'
make[2]: Entering directory '/builddir/build/BUILD/libibmad-1.3.13'
/bin/sh ./libtool  --tag=CC   --mode=compile gcc -DHAVE_CONFIG_H -I.  -I./include -I/usr/include  -Wall -O2 -g -pipe -Wall -Werror=format-security -Wp,-D_FORTIFY_SOURCE=2 -fexceptions -fstack-protector-strong --param=ssp-buffer-size=4 -grecord-gcc-switches -specs=/usr/lib/rpm/redhat/redhat-hardened-cc1 -m32 -march=i686 -fasynchronous-unwind-tables -c -o src/libibmad_la-fields.lo `test -f 'src/fields.c' || echo './'`src/fields.c
libtool: compile:  gcc -DHAVE_CONFIG_H -I. -I./include -I/usr/include -Wall -O2 -g -pipe -Wall -Werror=format-security -Wp,-D_FORTIFY_SOURCE=2 -fexceptions -fstack-protector-strong --param=ssp-buffer-size=4 -grecord-gcc-switches -specs=/usr/lib/rpm/redhat/redhat-hardened-cc1 -m32 -march=i686 -fasynchronous-unwind-tables -c src/fields.c  -fPIC -DPIC -o src/.libs/libibmad_la-fields.o
libtool: compile:  gcc -DHAVE_CONFIG_H -I. -I./include -I/usr/include -Wall -O2 -g -pipe -Wall -Werror=format-security -Wp,-D_FORTIFY_SOURCE=2 -fexceptions -fstack-protector-strong --param=ssp-buffer-size=4 -grecord-gcc-switches -specs=/usr/lib/rpm/redhat/redhat-hardened-cc1 -m32 -march=i686 -fasynchronous-unwind-tables -c src/fields.c -o src/libibmad_la-fields.o >/dev/null 2>&1
make[2]: Leaving directory '/builddir/build/BUILD/libibmad-1.3.13'
make[2]: Entering directory '/builddir/build/BUILD/libibmad-1.3.13'
/bin/sh ./libtool  --tag=CC   --mode=compile gcc -DHAVE_CONFIG_H -I.  -I./include -I/usr/include  -Wall -O2 -g -pipe -Wall -Werror=format-security -Wp,-D_FORTIFY_SOURCE=2 -fexceptions -fstack-protector-strong --param=ssp-buffer-size=4 -grecord-gcc-switches -specs=/usr/lib/rpm/redhat/redhat-hardened-cc1 -m32 -march=i686 -fasynchronous-unwind-tables -c -o src/libibmad_la-sa.lo `test -f 'src/sa.c' || echo './'`src/sa.c
libtool: compile:  gcc -DHAVE_CONFIG_H -I. -I./include -I/usr/include -Wall -O2 -g -pipe -Wall -Werror=format-security -Wp,-D_FORTIFY_SOURCE=2 -fexceptions -fstack-protector-strong --param=ssp-buffer-size=4 -grecord-gcc-switches -specs=/usr/lib/rpm/redhat/redhat-hardened-cc1 -m32 -march=i686 -fasynchronous-unwind-tables -c src/sa.c  -fPIC -DPIC -o src/.libs/libibmad_la-sa.o
libtool: compile:  gcc -DHAVE_CONFIG_H -I. -I./include -I/usr/include -Wall -O2 -g -pipe -Wall -Werror=format-security -Wp,-D_FORTIFY_SOURCE=2 -fexceptions -fstack-protector-strong --param=ssp-buffer-size=4 -grecord-gcc-switches -specs=/usr/lib/rpm/redhat/redhat-hardened-cc1 -m32 -march=i686 -fasynchronous-unwind-tables -c src/sa.c -o src/libibmad_la-sa.o >/dev/null 2>&1
make[2]: Leaving directory '/builddir/build/BUILD/libibmad-1.3.13'
make[2]: Entering directory '/builddir/build/BUILD/libibmad-1.3.13'
/bin/sh ./libtool  --tag=CC   --mode=compile gcc -DHAVE_CONFIG_H -I.  -I./include -I/usr/include  -Wall -O2 -g -pipe -Wall -Werror=format-security -Wp,-D_FORTIFY_SOURCE=2 -fexceptions -fstack-protector-strong --param=ssp-buffer-size=4 -grecord-gcc-switches -specs=/usr/lib/rpm/redhat/redhat-hardened-cc1 -m32 -march=i686 -fasynchronous-unwind-tables -c -o src/libibmad_la-smp.lo `test -f 'src/smp.c' || echo './'`src/smp.c
libtool: compile:  gcc -DHAVE_CONFIG_H -I. -I./include -I/usr/include -Wall -O2 -g -pipe -Wall -Werror=format-security -Wp,-D_FORTIFY_SOURCE=2 -fexceptions -fstack-protector-strong --param=ssp-buffer-size=4 -grecord-gcc-switches -specs=/usr/lib/rpm/redhat/redhat-hardened-cc1 -m32 -march=i686 -fasynchronous-unwind-tables -c src/smp.c  -fPIC -DPIC -o src/.libs/libibmad_la-smp.o
libtool: compile:  gcc -DHAVE_CONFIG_H -I. -I./include -I/usr/include -Wall -O2 -g -pipe -Wall -Werror=format-security -Wp,-D_FORTIFY_SOURCE=2 -fexceptions -fstack-protector-strong --param=ssp-buffer-size=4 -grecord-gcc-switches -specs=/usr/lib/rpm/redhat/redhat-hardened-cc1 -m32 -march=i686 -fasynchronous-unwind-tables -c src/smp.c -o src/libibmad_la-smp.o >/dev/null 2>&1
make[2]: Leaving directory '/builddir/build/BUILD/libibmad-1.3.13'
make[2]: Entering directory '/builddir/build/BUILD/libibmad-1.3.13'
/bin/sh ./libtool  --tag=CC   --mode=compile gcc -DHAVE_CONFIG_H -I.  -I./include -I/usr/include  -Wall -O2 -g -pipe -Wall -Werror=format-security -Wp,-D_FORTIFY_SOURCE=2 -fexceptions -fstack-protector-strong --param=ssp-buffer-size=4 -grecord-gcc-switches -specs=/usr/lib/rpm/redhat/redhat-hardened-cc1 -m32 -march=i686 -fasynchronous-unwind-tables -c -o src/libibmad_la-rpc.lo `test -f 'src/rpc.c' || echo './'`src/rpc.c
libtool: compile:  gcc -DHAVE_CONFIG_H -I. -I./include -I/usr/include -Wall -O2 -g -pipe -Wall -Werror=format-security -Wp,-D_FORTIFY_SOURCE=2 -fexceptions -fstack-protector-strong --param=ssp-buffer-size=4 -grecord-gcc-switches -specs=/usr/lib/rpm/redhat/redhat-hardened-cc1 -m32 -march=i686 -fasynchronous-unwind-tables -c src/rpc.c  -fPIC -DPIC -o src/.libs/libibmad_la-rpc.o
libtool: compile:  gcc -DHAVE_CONFIG_H -I. -I./include -I/usr/include -Wall -O2 -g -pipe -Wall -Werror=format-security -Wp,-D_FORTIFY_SOURCE=2 -fexceptions -fstack-protector-strong --param=ssp-buffer-size=4 -grecord-gcc-switches -specs=/usr/lib/rpm/redhat/redhat-hardened-cc1 -m32 -march=i686 -fasynchronous-unwind-tables -c src/rpc.c -o src/libibmad_la-rpc.o >/dev/null 2>&1
make[2]: Leaving directory '/builddir/build/BUILD/libibmad-1.3.13'
make[2]: Entering directory '/builddir/build/BUILD/libibmad-1.3.13'
/bin/sh ./libtool  --tag=CC   --mode=compile gcc -DHAVE_CONFIG_H -I.  -I./include -I/usr/include  -Wall -O2 -g -pipe -Wall -Werror=format-security -Wp,-D_FORTIFY_SOURCE=2 -fexceptions -fstack-protector-strong --param=ssp-buffer-size=4 -grecord-gcc-switches -specs=/usr/lib/rpm/redhat/redhat-hardened-cc1 -m32 -march=i686 -fasynchronous-unwind-tables -c -o src/libibmad_la-gs.lo `test -f 'src/gs.c' || echo './'`src/gs.c
libtool: compile:  gcc -DHAVE_CONFIG_H -I. -I./include -I/usr/include -Wall -O2 -g -pipe -Wall -Werror=format-security -Wp,-D_FORTIFY_SOURCE=2 -fexceptions -fstack-protector-strong --param=ssp-buffer-size=4 -grecord-gcc-switches -specs=/usr/lib/rpm/redhat/redhat-hardened-cc1 -m32 -march=i686 -fasynchronous-unwind-tables -c src/gs.c  -fPIC -DPIC -o src/.libs/libibmad_la-gs.o
libtool: compile:  gcc -DHAVE_CONFIG_H -I. -I./include -I/usr/include -Wall -O2 -g -pipe -Wall -Werror=format-security -Wp,-D_FORTIFY_SOURCE=2 -fexceptions -fstack-protector-strong --param=ssp-buffer-size=4 -grecord-gcc-switches -specs=/usr/lib/rpm/redhat/redhat-hardened-cc1 -m32 -march=i686 -fasynchronous-unwind-tables -c src/gs.c -o src/libibmad_la-gs.o >/dev/null 2>&1
make[2]: Leaving directory '/builddir/build/BUILD/libibmad-1.3.13'
make[2]: Entering directory '/builddir/build/BUILD/libibmad-1.3.13'
/bin/sh ./libtool  --tag=CC   --mode=compile gcc -DHAVE_CONFIG_H -I.  -I./include -I/usr/include  -Wall -O2 -g -pipe -Wall -Werror=format-security -Wp,-D_FORTIFY_SOURCE=2 -fexceptions -fstack-protector-strong --param=ssp-buffer-size=4 -grecord-gcc-switches -specs=/usr/lib/rpm/redhat/redhat-hardened-cc1 -m32 -march=i686 -fasynchronous-unwind-tables -c -o src/libibmad_la-cc.lo `test -f 'src/cc.c' || echo './'`src/cc.c
libtool: compile:  gcc -DHAVE_CONFIG_H -I. -I./include -I/usr/include -Wall -O2 -g -pipe -Wall -Werror=format-security -Wp,-D_FORTIFY_SOURCE=2 -fexceptions -fstack-protector-strong --param=ssp-buffer-size=4 -grecord-gcc-switches -specs=/usr/lib/rpm/redhat/redhat-hardened-cc1 -m32 -march=i686 -fasynchronous-unwind-tables -c src/cc.c  -fPIC -DPIC -o src/.libs/libibmad_la-cc.o
libtool: compile:  gcc -DHAVE_CONFIG_H -I. -I./include -I/usr/include -Wall -O2 -g -pipe -Wall -Werror=format-security -Wp,-D_FORTIFY_SOURCE=2 -fexceptions -fstack-protector-strong --param=ssp-buffer-size=4 -grecord-gcc-switches -specs=/usr/lib/rpm/redhat/redhat-hardened-cc1 -m32 -march=i686 -fasynchronous-unwind-tables -c src/cc.c -o src/libibmad_la-cc.o >/dev/null 2>&1
make[2]: Leaving directory '/builddir/build/BUILD/libibmad-1.3.13'
make[2]: Entering directory '/builddir/build/BUILD/libibmad-1.3.13'
/bin/sh ./libtool  --tag=CC   --mode=compile gcc -DHAVE_CONFIG_H -I.  -I./include -I/usr/include  -Wall -O2 -g -pipe -Wall -Werror=format-security -Wp,-D_FORTIFY_SOURCE=2 -fexceptions -fstack-protector-strong --param=ssp-buffer-size=4 -grecord-gcc-switches -specs=/usr/lib/rpm/redhat/redhat-hardened-cc1 -m32 -march=i686 -fasynchronous-unwind-tables -c -o src/libibmad_la-vendor.lo `test -f 'src/vendor.c' || echo './'`src/vendor.c
libtool: compile:  gcc -DHAVE_CONFIG_H -I. -I./include -I/usr/include -Wall -O2 -g -pipe -Wall -Werror=format-security -Wp,-D_FORTIFY_SOURCE=2 -fexceptions -fstack-protector-strong --param=ssp-buffer-size=4 -grecord-gcc-switches -specs=/usr/lib/rpm/redhat/redhat-hardened-cc1 -m32 -march=i686 -fasynchronous-unwind-tables -c src/vendor.c  -fPIC -DPIC -o src/.libs/libibmad_la-vendor.o
libtool: compile:  gcc -DHAVE_CONFIG_H -I. -I./include -I/usr/include -Wall -O2 -g -pipe -Wall -Werror=format-security -Wp,-D_FORTIFY_SOURCE=2 -fexceptions -fstack-protector-strong --param=ssp-buffer-size=4 -grecord-gcc-switches -specs=/usr/lib/rpm/redhat/redhat-hardened-cc1 -m32 -march=i686 -fasynchronous-unwind-tables -c src/vendor.c -o src/libibmad_la-vendor.o >/dev/null 2>&1
make[2]: Leaving directory '/builddir/build/BUILD/libibmad-1.3.13'
make[2]: Entering directory '/builddir/build/BUILD/libibmad-1.3.13'
/bin/sh ./libtool  --tag=CC   --mode=compile gcc -DHAVE_CONFIG_H -I.  -I./include -I/usr/include  -Wall -O2 -g -pipe -Wall -Werror=format-security -Wp,-D_FORTIFY_SOURCE=2 -fexceptions -fstack-protector-strong --param=ssp-buffer-size=4 -grecord-gcc-switches -specs=/usr/lib/rpm/redhat/redhat-hardened-cc1 -m32 -march=i686 -fasynchronous-unwind-tables -c -o src/libibmad_la-serv.lo `test -f 'src/serv.c' || echo './'`src/serv.c
libtool: compile:  gcc -DHAVE_CONFIG_H -I. -I./include -I/usr/include -Wall -O2 -g -pipe -Wall -Werror=format-security -Wp,-D_FORTIFY_SOURCE=2 -fexceptions -fstack-protector-strong --param=ssp-buffer-size=4 -grecord-gcc-switches -specs=/usr/lib/rpm/redhat/redhat-hardened-cc1 -m32 -march=i686 -fasynchronous-unwind-tables -c src/serv.c  -fPIC -DPIC -o src/.libs/libibmad_la-serv.o
libtool: compile:  gcc -DHAVE_CONFIG_H -I. -I./include -I/usr/include -Wall -O2 -g -pipe -Wall -Werror=format-security -Wp,-D_FORTIFY_SOURCE=2 -fexceptions -fstack-protector-strong --param=ssp-buffer-size=4 -grecord-gcc-switches -specs=/usr/lib/rpm/redhat/redhat-hardened-cc1 -m32 -march=i686 -fasynchronous-unwind-tables -c src/serv.c -o src/libibmad_la-serv.o >/dev/null 2>&1
make[2]: Leaving directory '/builddir/build/BUILD/libibmad-1.3.13'
make[2]: Entering directory '/builddir/build/BUILD/libibmad-1.3.13'
/bin/sh ./libtool  --tag=CC   --mode=compile gcc -DHAVE_CONFIG_H -I.  -I./include -I/usr/include  -Wall -O2 -g -pipe -Wall -Werror=format-security -Wp,-D_FORTIFY_SOURCE=2 -fexceptions -fstack-protector-strong --param=ssp-buffer-size=4 -grecord-gcc-switches -specs=/usr/lib/rpm/redhat/redhat-hardened-cc1 -m32 -march=i686 -fasynchronous-unwind-tables -c -o src/libibmad_la-register.lo `test -f 'src/register.c' || echo './'`src/register.c
libtool: compile:  gcc -DHAVE_CONFIG_H -I. -I./include -I/usr/include -Wall -O2 -g -pipe -Wall -Werror=format-security -Wp,-D_FORTIFY_SOURCE=2 -fexceptions -fstack-protector-strong --param=ssp-buffer-size=4 -grecord-gcc-switches -specs=/usr/lib/rpm/redhat/redhat-hardened-cc1 -m32 -march=i686 -fasynchronous-unwind-tables -c src/register.c  -fPIC -DPIC -o src/.libs/libibmad_la-register.o
libtool: compile:  gcc -DHAVE_CONFIG_H -I. -I./include -I/usr/include -Wall -O2 -g -pipe -Wall -Werror=format-security -Wp,-D_FORTIFY_SOURCE=2 -fexceptions -fstack-protector-strong --param=ssp-buffer-size=4 -grecord-gcc-switches -specs=/usr/lib/rpm/redhat/redhat-hardened-cc1 -m32 -march=i686 -fasynchronous-unwind-tables -c src/register.c -o src/libibmad_la-register.o >/dev/null 2>&1
make[2]: Leaving directory '/builddir/build/BUILD/libibmad-1.3.13'
make[2]: Entering directory '/builddir/build/BUILD/libibmad-1.3.13'
/bin/sh ./libtool  --tag=CC   --mode=compile gcc -DHAVE_CONFIG_H -I.  -I./include -I/usr/include  -Wall -O2 -g -pipe -Wall -Werror=format-security -Wp,-D_FORTIFY_SOURCE=2 -fexceptions -fstack-protector-strong --param=ssp-buffer-size=4 -grecord-gcc-switches -specs=/usr/lib/rpm/redhat/redhat-hardened-cc1 -m32 -march=i686 -fasynchronous-unwind-tables -c -o src/libibmad_la-bm.lo `test -f 'src/bm.c' || echo './'`src/bm.c
libtool: compile:  gcc -DHAVE_CONFIG_H -I. -I./include -I/usr/include -Wall -O2 -g -pipe -Wall -Werror=format-security -Wp,-D_FORTIFY_SOURCE=2 -fexceptions -fstack-protector-strong --param=ssp-buffer-size=4 -grecord-gcc-switches -specs=/usr/lib/rpm/redhat/redhat-hardened-cc1 -m32 -march=i686 -fasynchronous-unwind-tables -c src/bm.c  -fPIC -DPIC -o src/.libs/libibmad_la-bm.o
libtool: compile:  gcc -DHAVE_CONFIG_H -I. -I./include -I/usr/include -Wall -O2 -g -pipe -Wall -Werror=format-security -Wp,-D_FORTIFY_SOURCE=2 -fexceptions -fstack-protector-strong --param=ssp-buffer-size=4 -grecord-gcc-switches -specs=/usr/lib/rpm/redhat/redhat-hardened-cc1 -m32 -march=i686 -fasynchronous-unwind-tables -c src/bm.c -o src/libibmad_la-bm.o >/dev/null 2>&1
make[2]: Leaving directory '/builddir/build/BUILD/libibmad-1.3.13'
make[2]: Entering directory '/builddir/build/BUILD/libibmad-1.3.13'
/bin/sh ./libtool  --tag=CC   --mode=compile gcc -DHAVE_CONFIG_H -I.  -I./include -I/usr/include  -Wall -O2 -g -pipe -Wall -Werror=format-security -Wp,-D_FORTIFY_SOURCE=2 -fexceptions -fstack-protector-strong --param=ssp-buffer-size=4 -grecord-gcc-switches -specs=/usr/lib/rpm/redhat/redhat-hardened-cc1 -m32 -march=i686 -fasynchronous-unwind-tables -c -o src/libibmad_la-dump.lo `test -f 'src/dump.c' || echo './'`src/dump.c
libtool: compile:  gcc -DHAVE_CONFIG_H -I. -I./include -I/usr/include -Wall -O2 -g -pipe -Wall -Werror=format-security -Wp,-D_FORTIFY_SOURCE=2 -fexceptions -fstack-protector-strong --param=ssp-buffer-size=4 -grecord-gcc-switches -specs=/usr/lib/rpm/redhat/redhat-hardened-cc1 -m32 -march=i686 -fasynchronous-unwind-tables -c src/dump.c  -fPIC -DPIC -o src/.libs/libibmad_la-dump.o
libtool: compile:  gcc -DHAVE_CONFIG_H -I. -I./include -I/usr/include -Wall -O2 -g -pipe -Wall -Werror=format-security -Wp,-D_FORTIFY_SOURCE=2 -fexceptions -fstack-protector-strong --param=ssp-buffer-size=4 -grecord-gcc-switches -specs=/usr/lib/rpm/redhat/redhat-hardened-cc1 -m32 -march=i686 -fasynchronous-unwind-tables -c src/dump.c -o src/libibmad_la-dump.o >/dev/null 2>&1
make[2]: Leaving directory '/builddir/build/BUILD/libibmad-1.3.13'
make[2]: Entering directory '/builddir/build/BUILD/libibmad-1.3.13'
/bin/sh ./libtool  --tag=CC   --mode=link gcc -Wall -O2 -g -pipe -Wall -Werror=format-security -Wp,-D_FORTIFY_SOURCE=2 -fexceptions -fstack-protector-strong --param=ssp-buffer-size=4 -grecord-gcc-switches -specs=/usr/lib/rpm/redhat/redhat-hardened-cc1 -m32 -march=i686 -fasynchronous-unwind-tables -version-info 10:0:5 -export-dynamic -Wl,--version-script=./src/libibmad.map -Wl,-z,relro -specs=/usr/lib/rpm/redhat/redhat-hardened-ld -o libibmad.la -rpath /usr/lib src/libibmad_la-dump.lo src/libibmad_la-fields.lo src/libibmad_la-mad.lo src/libibmad_la-portid.lo src/libibmad_la-resolve.lo src/libibmad_la-rpc.lo src/libibmad_la-sa.lo src/libibmad_la-smp.lo src/libibmad_la-gs.lo src/libibmad_la-serv.lo src/libibmad_la-register.lo src/libibmad_la-vendor.lo src/libibmad_la-bm.lo src/libibmad_la-cc.lo  -libumad 
libtool: link: gcc -shared  -fPIC -DPIC  src/.libs/libibmad_la-dump.o src/.libs/libibmad_la-fields.o src/.libs/libibmad_la-mad.o src/.libs/libibmad_la-portid.o src/.libs/libibmad_la-resolve.o src/.libs/libibmad_la-rpc.o src/.libs/libibmad_la-sa.o src/.libs/libibmad_la-smp.o src/.libs/libibmad_la-gs.o src/.libs/libibmad_la-serv.o src/.libs/libibmad_la-register.o src/.libs/libibmad_la-vendor.o src/.libs/libibmad_la-bm.o src/.libs/libibmad_la-cc.o   -libumad -specs=/usr/lib/rpm/redhat/redhat-hardened-ld -O2 -m32 -march=i686 -Wl,--version-script=./src/libibmad.map -Wl,-z -Wl,relro   -Wl,-soname -Wl,libibmad.so.5 -o .libs/libibmad.so.5.5.0
libtool: link: (cd ".libs" && rm -f "libibmad.so.5" && ln -s "libibmad.so.5.5.0" "libibmad.so.5")
libtool: link: (cd ".libs" && rm -f "libibmad.so" && ln -s "libibmad.so.5.5.0" "libibmad.so")
libtool: link: ar cru .libs/libibmad.a  src/libibmad_la-dump.o src/libibmad_la-fields.o src/libibmad_la-mad.o src/libibmad_la-portid.o src/libibmad_la-resolve.o src/libibmad_la-rpc.o src/libibmad_la-sa.o src/libibmad_la-smp.o src/libibmad_la-gs.o src/libibmad_la-serv.o src/libibmad_la-register.o src/libibmad_la-vendor.o src/libibmad_la-bm.o src/libibmad_la-cc.o
libtool: link: ranlib .libs/libibmad.a
libtool: link: ( cd ".libs" && rm -f "libibmad.la" && ln -s "../libibmad.la" "libibmad.la" )
make[2]: Leaving directory '/builddir/build/BUILD/libibmad-1.3.13'
+ exit 0
Executing(%install): /bin/sh -e /var/tmp/rpm-tmp.vCVray
+ umask 022
+ cd /builddir/build/BUILD
+ '[' /builddir/build/BUILDROOT/libibmad-1.3.13-6.fc28.i386 '!=' / ']'
+ rm -rf /builddir/build/BUILDROOT/libibmad-1.3.13-6.fc28.i386
++ dirname /builddir/build/BUILDROOT/libibmad-1.3.13-6.fc28.i386
+ mkdir -p /builddir/build/BUILDROOT
+ mkdir /builddir/build/BUILDROOT/libibmad-1.3.13-6.fc28.i386
+ cd libibmad-1.3.13
+ /usr/bin/make install DESTDIR=/builddir/build/BUILDROOT/libibmad-1.3.13-6.fc28.i386 'INSTALL=/usr/bin/install -p'
Making install in .
make[1]: Entering directory '/builddir/build/BUILD/libibmad-1.3.13'
make[2]: Entering directory '/builddir/build/BUILD/libibmad-1.3.13'
 /usr/bin/mkdir -p '/builddir/build/BUILDROOT/libibmad-1.3.13-6.fc28.i386/usr/lib'
 /bin/sh ./libtool   --mode=install /usr/bin/install -p   libibmad.la '/builddir/build/BUILDROOT/libibmad-1.3.13-6.fc28.i386/usr/lib'
libtool: install: /usr/bin/install -p .libs/libibmad.so.5.5.0 /builddir/build/BUILDROOT/libibmad-1.3.13-6.fc28.i386/usr/lib/libibmad.so.5.5.0
libtool: install: (cd /builddir/build/BUILDROOT/libibmad-1.3.13-6.fc28.i386/usr/lib && { ln -s -f libibmad.so.5.5.0 libibmad.so.5 || { rm -f libibmad.so.5 && ln -s libibmad.so.5.5.0 libibmad.so.5; }; })
libtool: install: (cd /builddir/build/BUILDROOT/libibmad-1.3.13-6.fc28.i386/usr/lib && { ln -s -f libibmad.so.5.5.0 libibmad.so || { rm -f libibmad.so && ln -s libibmad.so.5.5.0 libibmad.so; }; })
libtool: install: /usr/bin/install -p .libs/libibmad.lai /builddir/build/BUILDROOT/libibmad-1.3.13-6.fc28.i386/usr/lib/libibmad.la
libtool: install: /usr/bin/install -p .libs/libibmad.a /builddir/build/BUILDROOT/libibmad-1.3.13-6.fc28.i386/usr/lib/libibmad.a
libtool: install: chmod 644 /builddir/build/BUILDROOT/libibmad-1.3.13-6.fc28.i386/usr/lib/libibmad.a
libtool: install: ranlib /builddir/build/BUILDROOT/libibmad-1.3.13-6.fc28.i386/usr/lib/libibmad.a
libtool: install: warning: remember to run `libtool --finish /usr/lib'
 /usr/bin/mkdir -p '/builddir/build/BUILDROOT/libibmad-1.3.13-6.fc28.i386/usr/include/infiniband'
 /usr/bin/install -p -m 644 ./include/infiniband/mad.h ./include/infiniband/mad_osd.h '/builddir/build/BUILDROOT/libibmad-1.3.13-6.fc28.i386/usr/include/infiniband'
make[2]: Leaving directory '/builddir/build/BUILD/libibmad-1.3.13'
make[1]: Leaving directory '/builddir/build/BUILD/libibmad-1.3.13'
+ find /builddir/build/BUILDROOT/libibmad-1.3.13-6.fc28.i386 -name '*.la' -print -delete
/builddir/build/BUILDROOT/libibmad-1.3.13-6.fc28.i386/usr/lib/libibmad.la
+ /usr/lib/rpm/find-debuginfo.sh -j6 --strict-build-id -m -i --build-id-seed 1.3.13-6.fc28 --unique-debug-suffix -1.3.13-6.fc28.i386 --unique-debug-src-base libibmad-1.3.13-6.fc28.i386 --run-dwz --dwz-low-mem-die-limit 10000000 --dwz-max-die-limit 50000000 -S debugsourcefiles.list /builddir/build/BUILD/libibmad-1.3.13
extracting debug info from /builddir/build/BUILDROOT/libibmad-1.3.13-6.fc28.i386/usr/lib/libibmad.so.5.5.0
/usr/lib/rpm/sepdebugcrcfix: Updated 1 CRC32s, 0 CRC32s did match.
362 blocks
+ /usr/lib/rpm/check-buildroot
+ /usr/lib/rpm/brp-compress
+ /usr/lib/rpm/brp-strip-static-archive /usr/bin/strip
+ /usr/lib/rpm/brp-python-bytecompile /usr/bin/python 1
+ /usr/lib/rpm/brp-python-hardlink
Processing files: libibmad-1.3.13-6.fc28.i686
Executing(%doc): /bin/sh -e /var/tmp/rpm-tmp.rXtwQJ
+ umask 022
+ cd /builddir/build/BUILD
+ cd libibmad-1.3.13
+ DOCDIR=/builddir/build/BUILDROOT/libibmad-1.3.13-6.fc28.i386/usr/share/doc/libibmad
+ export LC_ALL=C
+ LC_ALL=C
+ export DOCDIR
+ /usr/bin/mkdir -p /builddir/build/BUILDROOT/libibmad-1.3.13-6.fc28.i386/usr/share/doc/libibmad
+ cp -pr AUTHORS /builddir/build/BUILDROOT/libibmad-1.3.13-6.fc28.i386/usr/share/doc/libibmad
+ cp -pr ChangeLog /builddir/build/BUILDROOT/libibmad-1.3.13-6.fc28.i386/usr/share/doc/libibmad
+ exit 0
Executing(%license): /bin/sh -e /var/tmp/rpm-tmp.PsfqxV
+ umask 022
+ cd /builddir/build/BUILD
+ cd libibmad-1.3.13
+ LICENSEDIR=/builddir/build/BUILDROOT/libibmad-1.3.13-6.fc28.i386/usr/share/licenses/libibmad
+ export LC_ALL=C
+ LC_ALL=C
+ export LICENSEDIR
+ /usr/bin/mkdir -p /builddir/build/BUILDROOT/libibmad-1.3.13-6.fc28.i386/usr/share/licenses/libibmad
+ cp -pr COPYING /builddir/build/BUILDROOT/libibmad-1.3.13-6.fc28.i386/usr/share/licenses/libibmad
+ exit 0
Provides: libibmad = 1.3.13-6.fc28 libibmad(x86-32) = 1.3.13-6.fc28 libibmad.so.5 libibmad.so.5(IBMAD_1.3)
Requires(interp): /sbin/ldconfig /sbin/ldconfig
Requires(rpmlib): rpmlib(CompressedFileNames) <= 3.0.4-1 rpmlib(FileDigests) <= 4.6.0-1 rpmlib(PayloadFilesHavePrefix) <= 4.0-1
Requires(post): /sbin/ldconfig
Requires(postun): /sbin/ldconfig
Requires: libc.so.6 libc.so.6(GLIBC_2.0) libc.so.6(GLIBC_2.1.3) libc.so.6(GLIBC_2.3.4) libc.so.6(GLIBC_2.4) libibumad.so.3 libibumad.so.3(IBUMAD_1.0) rtld(GNU_HASH)
Processing files: libibmad-devel-1.3.13-6.fc28.i686
Provides: libibmad-devel = 1.3.13-6.fc28 libibmad-devel(x86-32) = 1.3.13-6.fc28
Requires(rpmlib): rpmlib(CompressedFileNames) <= 3.0.4-1 rpmlib(FileDigests) <= 4.6.0-1 rpmlib(PayloadFilesHavePrefix) <= 4.0-1
Requires: libibmad.so.5
Processing files: libibmad-static-1.3.13-6.fc28.i686
Provides: libibmad-static = 1.3.13-6.fc28 libibmad-static(x86-32) = 1.3.13-6.fc28
Requires(rpmlib): rpmlib(CompressedFileNames) <= 3.0.4-1 rpmlib(FileDigests) <= 4.6.0-1 rpmlib(PayloadFilesHavePrefix) <= 4.0-1
Processing files: libibmad-debugsource-1.3.13-6.fc28.i686
Provides: libibmad-debugsource = 1.3.13-6.fc28 libibmad-debugsource(x86-32) = 1.3.13-6.fc28
Requires(rpmlib): rpmlib(CompressedFileNames) <= 3.0.4-1 rpmlib(FileDigests) <= 4.6.0-1 rpmlib(PayloadFilesHavePrefix) <= 4.0-1
Processing files: libibmad-debuginfo-1.3.13-6.fc28.i686
Provides: debuginfo(build-id) = 173461b7dfb401673b6fd00d40f9ae914c9a9674 libibmad-debuginfo = 1.3.13-6.fc28 libibmad-debuginfo(x86-32) = 1.3.13-6.fc28
Requires(rpmlib): rpmlib(CompressedFileNames) <= 3.0.4-1 rpmlib(FileDigests) <= 4.6.0-1 rpmlib(PayloadFilesHavePrefix) <= 4.0-1
Checking for unpackaged file(s): /usr/lib/rpm/check-files /builddir/build/BUILDROOT/libibmad-1.3.13-6.fc28.i386
Wrote: /builddir/build/RPMS/libibmad-1.3.13-6.fc28.i686.rpm
Wrote: /builddir/build/RPMS/libibmad-devel-1.3.13-6.fc28.i686.rpm
Wrote: /builddir/build/RPMS/libibmad-static-1.3.13-6.fc28.i686.rpm
Wrote: /builddir/build/RPMS/libibmad-debugsource-1.3.13-6.fc28.i686.rpm
Wrote: /builddir/build/RPMS/libibmad-debuginfo-1.3.13-6.fc28.i686.rpm
Executing(%clean): /bin/sh -e /var/tmp/rpm-tmp.RhmLH7
+ umask 022
+ cd /builddir/build/BUILD
+ cd libibmad-1.3.13
+ /usr/bin/rm -rf /builddir/build/BUILDROOT/libibmad-1.3.13-6.fc28.i386
+ exit 0
Child return code was: 0
